#
# A fatal error has been detected by the Java Runtime Environment:
#
#  EXCEPTION_ACCESS_VIOLATION (0xc0000005) at pc=0x00007ffc0c5126c4, pid=21136, tid=18568
#
# JRE version: OpenJDK Runtime Environment (24.0+36) (build 24+36-3646)
# Java VM: OpenJDK 64-Bit Server VM (24+36-3646, mixed mode, sharing, tiered, compressed oops, compressed class ptrs, g1 gc, windows-amd64)
# Problematic frame:
# C  [libasyncProfiler.dll+0x926c4]
#
# No core dump will be written. Minidumps are not enabled by default on client versions of Windows
#
# JFR recording file will be written. Location: D:\OOP2\FinanceManager\hs_err_pid21136.jfr
#
# If you would like to submit a bug report, please visit:
#   https://bugreport.java.com/bugreport/crash.jsp
# The crash happened outside the Java Virtual Machine in native code.
# See problematic frame for where to report the bug.
#

---------------  S U M M A R Y ------------

Command Line: --enable-native-access=ALL-UNNAMED -javaagent:C:\Program Files\JetBrains\IntelliJ IDEA 2025.1\lib\idea_rt.jar=55417 -Dfile.encoding=UTF-8 -Dsun.stdout.encoding=UTF-8 -Dsun.stderr.encoding=UTF-8 org.example.FinanceManager

Host: 12th Gen Intel(R) Core(TM) i5-12450H, 12 cores, 15G,  Windows 11 , 64 bit Build 22621 (10.0.22621.5124)
Time: Sat Apr 26 16:09:07 2025  Windows 11 , 64 bit Build 22621 (10.0.22621.5124) elapsed time: 43.377789 seconds (0d 0h 0m 43s)

---------------  T H R E A D  ---------------

Current thread (0x0000021bffe26680):  JavaThread "Attach Listener" daemon [_thread_in_native, id=18568, stack(0x0000004706400000,0x0000004706500000) (1024K)]

Stack: [0x0000004706400000,0x0000004706500000],  sp=0x00000047064feba0,  free space=1018k
Native frames: (J=compiled Java code, j=interpreted, Vv=VM code, C=native code)
C  [libasyncProfiler.dll+0x926c4]  (no source info available)
C  [libasyncProfiler.dll+0x92b9b]  (no source info available)
C  [libasyncProfiler.dll+0x917f4]  (no source info available)
C  [libasyncProfiler.dll+0x9206a]  (no source info available)
C  [libasyncProfiler.dll+0x8cc21]  (no source info available)
C  [libasyncProfiler.dll+0x7e5e1]  (no source info available)
C  [libasyncProfiler.dll+0x7d2f8]  (no source info available)
C  [libasyncProfiler.dll+0x7d1e0]  (no source info available)
C  [libasyncProfiler.dll+0x841b9]  (no source info available)
V  [jvm.dll+0x57f1b7]  (no source info available)
V  [jvm.dll+0x57ff2c]  (no source info available)
V  [jvm.dll+0x14c9b7]  (no source info available)
V  [jvm.dll+0x14df81]  (no source info available)
V  [jvm.dll+0x42f566]  (no source info available)
V  [jvm.dll+0x87d8fb]  (no source info available)
V  [jvm.dll+0x72efe5]  (no source info available)
C  [ucrtbase.dll+0x29333]  (no source info available)
C  [KERNEL32.DLL+0x1259d]  (no source info available)
C  [ntdll.dll+0x5af38]  (no source info available)


siginfo: EXCEPTION_ACCESS_VIOLATION (0xc0000005), reading address 0xffffffffffffffff


Registers:
RAX=0x0000000000000010, RBX=0x0000000000000000, RCX=0xffffffffffffffff, RDX=0x007ffbddfd2ff010
RSP=0x00000047064feba0, RBP=0x0000021bc91c0870, RSI=0x00000047064fed10, RDI=0x0000021bc91c0870
R8 =0x0000000000000042, R9 =0x0000000710e02fe0, R10=0x00007ffbde249fc0, R11=0x0000000000000004
R12=0x00000047064fed10, R13=0x0000021bc994d980, R14=0x0000021bffe26a48, R15=0x0000021bffe26a48
RIP=0x00007ffc0c5126c4, EFLAGS=0x0000000000010202

XMM[0]=0x0000000000000000 0x0000000000000000
XMM[1]=0x0000000000000000 0x0000000000000000
XMM[2]=0x0000000000000000 0x0000000000000000
XMM[3]=0x0000000000000000 0x0000000000000000
XMM[4]=0x0000000000000000 0x0000000000000000
XMM[5]=0x0000000000000000 0x0000000000000000
XMM[6]=0x0000000000000000 0x0000000000000000
XMM[7]=0x0000000000000000 0x0000000000000000
XMM[8]=0x0000000000000000 0x0000000000000000
XMM[9]=0x0000000000000000 0x0000000000000000
XMM[10]=0x0000000000000000 0x0000000000000000
XMM[11]=0x0000000000000000 0x0000000000000000
XMM[12]=0x0000000000000000 0x0000000000000000
XMM[13]=0x0000000000000000 0x0000000000000000
XMM[14]=0x0000000000000000 0x0000000000000000
XMM[15]=0x0000000000000000 0x0000000000000000
  MXCSR=0x00001fa0


Register to memory mapping:

RAX=0x0000000000000010 is an unknown value
RBX=0x0 is null
RCX=0xffffffffffffffff is an unknown value
RDX=0x007ffbddfd2ff010 is an unknown value
RSP=0x00000047064feba0 is pointing into the stack for thread: 0x0000021bffe26680
RBP=0x0000021bc91c0870 points into unknown readable memory: 0x0000000710e02fe0 | e0 2f e0 10 07 00 00 00
RSI=0x00000047064fed10 is pointing into the stack for thread: 0x0000021bffe26680
RDI=0x0000021bc91c0870 points into unknown readable memory: 0x0000000710e02fe0 | e0 2f e0 10 07 00 00 00
R8 =0x0000000000000042 is an unknown value
R9 =0x0000000710e02fe0 is an oop: java.lang.Thread 
{0x0000000710e02fe0} - klass: 'java/lang/Thread' - flags: 

 - ---- fields (total size 14 words):
 - 'threadLocalRandomProbe' 'I' @12  1013904242 (0x3c6ef372)
 - private volatile 'eetop' 'J' @16  2318815592992 (0x0000021be42e0220)
 - private final 'tid' 'J' @24  3 (0x0000000000000003)
 - 'threadLocalRandomSeed' 'J' @32  2910476950466815141 (0x2864175db78964a5)
 - injected 'jvmti_thread_state' 'J' @40  2318372114512 (0x0000021bc9bf1050)
 - 'threadLocalRandomSecondarySeed' 'I' @48  1473940226 (0x57da8b02)
 - injected 'jvmti_VTMS_transition_disable_count' 'I' @52  0 (0x00000000)
 - injected 'jfr_epoch' 'S' @56  0 (0x0000)
 - volatile 'interrupted' 'Z' @58  false (0x00)
 - injected 'jvmti_is_in_VTMS_transition' 'Z' @59  false (0x00)
 - private volatile 'name' 'Ljava/lang/String;' @60  "main"{0x0000000710e03ac8} (0xe21c0759)
 - private volatile 'contextClassLoader' 'Ljava/lang/ClassLoader;' @64  a 'jdk/internal/loader/ClassLoaders$AppClassLoader'{0x0000000710e213e0} (0xe21c427c)
 - private final 'holder' 'Ljava/lang/Thread$FieldHolder;' @68  a 'java/lang/Thread$FieldHolder'{0x0000000710e03af8} (0xe21c075f)
 - 'threadLocals' 'Ljava/lang/ThreadLocal$ThreadLocalMap;' @72  a 'java/lang/ThreadLocal$ThreadLocalMap'{0x0000000710e03b20} (0xe21c0764)
 - 'inheritableThreadLocals' 'Ljava/lang/ThreadLocal$ThreadLocalMap;' @76  null (0x00000000)
 - private 'scopedValueBindings' 'Ljava/lang/Object;' @80  a 'java/lang/Class'{0x00000007ffe7c280} = 'java/lang/Thread' (0xfffcf850)
 - final 'interruptLock' 'Ljava/lang/Object;' @84  a 'java/lang/Object'{0x0000000710e947d0} (0xe21d28fa)
 - private volatile 'parkBlocker' 'Ljava/lang/Object;' @88  null (0x00000000)
 - private 'nioBlocker' 'Lsun/nio/ch/Interruptible;' @92  null (0x00000000)
 - private 'cont' 'Ljdk/internal/vm/Continuation;' @96  null (0x00000000)
 - private volatile 'uncaughtExceptionHandler' 'Ljava/lang/Thread$UncaughtExceptionHandler;' @100  null (0x00000000)
 - private 'container' 'Ljdk/internal/vm/ThreadContainer;' @104  null (0x00000000)
 - private volatile 'headStackableScopes' 'Ljdk/internal/vm/StackableScope;' @108  null (0x00000000)
R10=0x00007ffbde249fc0 jvm.dll
R11=0x0000000000000004 is an unknown value
R12=0x00000047064fed10 is pointing into the stack for thread: 0x0000021bffe26680
R13=0x0000021bc994d980 points into unknown readable memory: 0x00007ffbde1ba510 | 10 a5 1b de fb 7f 00 00
R14=0x0000021bffe26a48 points into unknown readable memory: 0x00007ffbde1b17b0 | b0 17 1b de fb 7f 00 00
R15=0x0000021bffe26a48 points into unknown readable memory: 0x00007ffbde1b17b0 | b0 17 1b de fb 7f 00 00

Top of Stack: (sp=0x00000047064feba0)
0x00000047064feba0:   00000047064fed10 0000021bc91c0870   ..O.G...p.......
0x00000047064febb0:   0000000000000000 0000021bffe26dd0   .........m......
0x00000047064febc0:   000000000000002b 00007ffc0c512b9b   +........+Q.....
0x00000047064febd0:   0000000000000000 0000021bffe26a48   ........Hj......
0x00000047064febe0:   00000047064fed01 0000000000000000   ..O.G...........
0x00000047064febf0:   0000021bca4f95a0 00007ffc0c5117f4   ..O.......Q.....
0x00000047064fec00:   0000000000000000 000000000000002b   ........+.......
0x00000047064fec10:   0000000000000000 000000000000002b   ........+.......
0x00000047064fec20:   00000010cccb8040 0000021bca7c1190   @.........|.....
0x00000047064fec30:   0000021bca4f95a0 0000021bca4f964c   ..O.....L.O.....
0x00000047064fec40:   0000021bca4f969c 0000000000005558   ..O.....XU......
0x00000047064fec50:   0000000000000000 0000000000000000   ................
0x00000047064fec60:   0000000000000000 00007ffbdda158e4   .........X......
0x00000047064fec70:   00007ffc0c654ca0 0000000000005290   .Le......R......
0x00000047064fec80:   00007ffc0c654ca0 00000000ffffffff   .Le.............
0x00000047064fec90:   0000000000000000 00007ffc0c51206a   ........j Q.....
0x00000047064feca0:   0000021bffe26a48 0000000000000000   Hj..............
0x00000047064fecb0:   00000047064fed19 0000021bc994d980   ..O.G...........
0x00000047064fecc0:   0000000000000003 0000000000000048   ........H.......
0x00000047064fecd0:   0000000800800310 0000000000000020   ........ .......
0x00000047064fece0:   0000021bffe26a48 00007ffc0c654ca0   Hj.......Le.....
0x00000047064fecf0:   0000021bffcc7240 0000021bc9bf1050   @r......P.......
0x00000047064fed00:   0000000800800390 0000021bffe26a48   ........Hj......
0x00000047064fed10:   0000021bca65d3d0 0000021bca65d930   ..e.....0.e.....
0x00000047064fed20:   0000021bca65d930 00007ffc0c654ca0   0.e......Le.....
0x00000047064fed30:   0000021bc9780540 0000021be1ec0000   @.x.............
0x00000047064fed40:   00000047064fefe0 0000000000008840   ..O.G...@.......
0x00000047064fed50:   00000047064ff1c0 00007ffc0c654cf0   ..O.G....Le.....
0x00000047064fed60:   0000000000989680 0000000000989680   ................
0x00000047064fed70:   00000047064fee80 00007ffc0c50cc21   ..O.G...!.P.....
0x00000047064fed80:   00007ffc0c654ca0 00007ffc0c654cf8   .Le......Le.....
0x00000047064fed90:   00007ffc00000000 00007ffb00000001   ................

Instructions: (pc=0x00007ffc0c5126c4)
  0x00007ffc0c5125c4:   cc cc cc cc cc cc cc cc cc cc cc cc cc cc cc cc
  0x00007ffc0c5125d4:   cc cc cc cc cc cc cc cc cc cc cc cc cc cc cc cc
  0x00007ffc0c5125e4:   cc cc cc cc cc cc cc cc cc cc cc cc cc cc cc cc
  0x00007ffc0c5125f4:   cc cc cc cc cc cc cc cc cc cc cc cc cc cc cc cc
  0x00007ffc0c512604:   cc cc cc cc cc cc cc cc cc cc cc cc cc cc cc cc
  0x00007ffc0c512614:   cc cc cc cc cc cc cc cc cc cc cc cc cc cc cc cc
  0x00007ffc0c512624:   cc cc cc cc cc cc cc cc cc cc cc cc cc cc cc cc
  0x00007ffc0c512634:   cc cc cc cc cc cc cc cc cc cc cc cc cc cc cc cc
  0x00007ffc0c512644:   cc cc cc cc cc cc cc cc cc cc cc cc 40 57 48 83
  0x00007ffc0c512654:   ec 20 48 8b f9 48 8b 0d 10 28 14 00 48 85 c9 74
  0x00007ffc0c512664:   20 48 8b 01 48 8d 54 24 38 41 b8 06 00 01 00 4c
  0x00007ffc0c512674:   8b 48 30 41 ff d1 85 c0 75 07 48 8b 4c 24 38 eb
  0x00007ffc0c512684:   02 33 c9 4c 8b 05 ea 28 14 00 48 89 5c 24 30 4d
  0x00007ffc0c512694:   85 c0 74 4a 48 8b 01 48 8b d7 4c 8b 88 28 03 00
  0x00007ffc0c5126a4:   00 41 ff d1 48 85 c0 74 35 48 63 0d f8 e6 13 00
  0x00007ffc0c5126b4:   48 8b 14 01 48 85 d2 74 15 48 63 05 fc e6 13 00
=>0x00007ffc0c5126c4:   8b 04 10 48 8b 5c 24 30 48 83 c4 20 5f c3 b8 ff
  0x00007ffc0c5126d4:   ff ff ff 48 8b 5c 24 30 48 83 c4 20 5f c3 80 3d
  0x00007ffc0c5126e4:   9b 27 14 00 00 bb ff ff ff ff 74 20 4c 8b 0d 31
  0x00007ffc0c5126f4:   24 14 00 4c 8d 44 24 38 48 8b 0d 15 24 14 00 48
  0x00007ffc0c512704:   8b d7 41 ff d1 85 c0 0f 44 5c 24 38 8b c3 48 8b
  0x00007ffc0c512714:   5c 24 30 48 83 c4 20 5f c3 cc cc cc cc cc cc cc
  0x00007ffc0c512724:   cc cc cc cc cc cc cc cc cc cc cc cc cc cc cc cc
  0x00007ffc0c512734:   cc cc cc cc cc cc cc cc cc cc cc cc cc cc cc cc
  0x00007ffc0c512744:   cc cc cc cc cc cc cc cc cc cc cc cc 48 89 54 24
  0x00007ffc0c512754:   10 53 55 56 57 41 56 41 57 48 83 ec 28 48 8b f2
  0x00007ffc0c512764:   4c 8b f1 48 89 4c 24 78 45 33 ff 44 89 7c 24 68
  0x00007ffc0c512774:   c7 44 24 60 01 00 00 00 48 8d 4c 24 68 e8 ed 42
  0x00007ffc0c512784:   f7 ff 8b d8 48 8d 4c 24 60 e8 e1 42 f7 ff 8b e8
  0x00007ffc0c512794:   49 8b ce e8 00 fc f6 ff 48 8b f8 90 8b c3 f0 0f
  0x00007ffc0c5127a4:   b1 2f 74 04 f3 90 eb f4 4c 89 3e 4c 89 7e 08 4c
  0x00007ffc0c5127b4:   89 7e 10 49 8b 6e 08 4d 8b 76 10 49 3b ee 0f 84


Stack slot to memory mapping:

stack at sp + 0 slots: 0x00000047064fed10 is pointing into the stack for thread: 0x0000021bffe26680
stack at sp + 1 slots: 0x0000021bc91c0870 points into unknown readable memory: 0x0000000710e02fe0 | e0 2f e0 10 07 00 00 00
stack at sp + 2 slots: 0x0 is null
stack at sp + 3 slots: 0x0000021bffe26dd0 points into unknown readable memory: 0x6e616c2e6176616a | 6a 61 76 61 2e 6c 61 6e
stack at sp + 4 slots: 0x000000000000002b is an unknown value
stack at sp + 5 slots: 0x00007ffc0c512b9b libasyncProfiler.dll
stack at sp + 6 slots: 0x0 is null
stack at sp + 7 slots: 0x0000021bffe26a48 points into unknown readable memory: 0x00007ffbde1b17b0 | b0 17 1b de fb 7f 00 00

Lock stack of current Java thread (top to bottom):


---------------  P R O C E S S  ---------------

Threads class SMR info:
_java_thread_list=0x0000021bc967cf20, length=22, elements={
0x0000021be42e0220, 0x0000021bffe21ef0, 0x0000021bffe237a0, 0x0000021bffe25b50,
0x0000021bffe26680, 0x0000021bffe271b0, 0x0000021bffe28480, 0x0000021bffe2c600,
0x0000021bffe38170, 0x0000021bc90a51c0, 0x0000021bc91f5950, 0x0000021bc91f6090,
0x0000021bc9b7f760, 0x0000021bc9abd960, 0x0000021bc9abf170, 0x0000021bc99f2750,
0x0000021bc9b7d4c0, 0x0000021bc9ae8430, 0x0000021bc930cec0, 0x0000021bc9aea170,
0x0000021bc930bfa0, 0x0000021bc9ae8b80
}

Java Threads: ( => current thread )
  0x0000021be42e0220 JavaThread "main"                              [_thread_in_native, id=12360, stack(0x0000004705900000,0x0000004705a00000) (1024K)]
  0x0000021bffe21ef0 JavaThread "Reference Handler"          daemon [_thread_blocked, id=18132, stack(0x0000004706100000,0x0000004706200000) (1024K)]
  0x0000021bffe237a0 JavaThread "Finalizer"                  daemon [_thread_blocked, id=16752, stack(0x0000004706200000,0x0000004706300000) (1024K)]
  0x0000021bffe25b50 JavaThread "Signal Dispatcher"          daemon [_thread_blocked, id=11052, stack(0x0000004706300000,0x0000004706400000) (1024K)]
=>0x0000021bffe26680 JavaThread "Attach Listener"            daemon [_thread_in_native, id=18568, stack(0x0000004706400000,0x0000004706500000) (1024K)]
  0x0000021bffe271b0 JavaThread "Service Thread"             daemon [_thread_blocked, id=21304, stack(0x0000004706500000,0x0000004706600000) (1024K)]
  0x0000021bffe28480 JavaThread "Monitor Deflation Thread"   daemon [_thread_blocked, id=1364, stack(0x0000004706600000,0x0000004706700000) (1024K)]
  0x0000021bffe2c600 JavaThread "C2 CompilerThread0"         daemon [_thread_blocked, id=15344, stack(0x0000004706700000,0x0000004706800000) (1024K)]
  0x0000021bffe38170 JavaThread "C1 CompilerThread0"         daemon [_thread_blocked, id=20784, stack(0x0000004706800000,0x0000004706900000) (1024K)]
  0x0000021bc90a51c0 JavaThread "Common-Cleaner"             daemon [_thread_blocked, id=1736, stack(0x0000004706900000,0x0000004706a00000) (1024K)]
  0x0000021bc91f5950 JavaThread "Monitor Ctrl-Break"         daemon [_thread_in_native, id=4984, stack(0x0000004706b00000,0x0000004706c00000) (1024K)]
  0x0000021bc91f6090 JavaThread "Notification Thread"        daemon [_thread_blocked, id=9388, stack(0x0000004706c00000,0x0000004706d00000) (1024K)]
  0x0000021bc9b7f760 JavaThread "RMI TCP Accept-0"           daemon [_thread_in_native, id=13772, stack(0x0000004706e00000,0x0000004706f00000) (1024K)]
  0x0000021bc9abd960 JavaThread "RMI TCP Connection(idle)"   daemon [_thread_blocked, id=18496, stack(0x0000004706f00000,0x0000004707000000) (1024K)]
  0x0000021bc9abf170 JavaThread "RMI Scheduler(0)"           daemon [_thread_blocked, id=17304, stack(0x0000004707000000,0x0000004707100000) (1024K)]
  0x0000021bc99f2750 JavaThread "JMX server connection timeout 31" daemon [_thread_blocked, id=11048, stack(0x0000004707100000,0x0000004707200000) (1024K)]
  0x0000021bc9b7d4c0 JavaThread "RMI TCP Connection(2)-192.168.1.107" daemon [_thread_in_native, id=21588, stack(0x0000004706a00000,0x0000004706b00000) (1024K)]
  0x0000021bc9ae8430 JavaThread "mysql-cj-abandoned-connection-cleanup" daemon [_thread_blocked, id=20316, stack(0x0000004706d00000,0x0000004706e00000) (1024K)]
  0x0000021bc930cec0 JavaThread "C2 CompilerThread1"         daemon [_thread_blocked, id=21004, stack(0x0000004707300000,0x0000004707400000) (1024K)]
  0x0000021bc9aea170 JavaThread "JFR Recorder Thread"        daemon [_thread_in_native, id=16528, stack(0x0000004707400000,0x0000004707500000) (1024K)]
  0x0000021bc930bfa0 JavaThread "C2 CompilerThread2"         daemon [_thread_blocked, id=21812, stack(0x0000004707500000,0x0000004707600000) (1024K)]
  0x0000021bc9ae8b80 JavaThread "JFR Periodic Tasks"         daemon [_thread_blocked, id=21848, stack(0x0000004707f00000,0x0000004708000000) (1024K)]
Total: 22

Other Threads:
  0x0000021bffe119e0 VMThread "VM Thread"                           [id=20076, stack(0x0000004706000000,0x0000004706100000) (1024K)]
  0x0000021bffe01af0 WatcherThread "VM Periodic Task Thread"        [id=15092, stack(0x0000004705f00000,0x0000004706000000) (1024K)]
  0x0000021be4349aa0 WorkerThread "GC Thread#0"                     [id=4304, stack(0x0000004705a00000,0x0000004705b00000) (1024K)]
  0x0000021bc9ab5dc0 WorkerThread "GC Thread#1"                     [id=21816, stack(0x0000004707600000,0x0000004707700000) (1024K)]
  0x0000021bc9b4db80 WorkerThread "GC Thread#2"                     [id=21820, stack(0x0000004707700000,0x0000004707800000) (1024K)]
  0x0000021bcc267080 WorkerThread "GC Thread#3"                     [id=21828, stack(0x0000004707800000,0x0000004707900000) (1024K)]
  0x0000021bcc2682f0 WorkerThread "GC Thread#4"                     [id=21824, stack(0x0000004707900000,0x0000004707a00000) (1024K)]
  0x0000021bcc266920 WorkerThread "GC Thread#5"                     [id=21836, stack(0x0000004707a00000,0x0000004707b00000) (1024K)]
  0x0000021bcc267b90 WorkerThread "GC Thread#6"                     [id=21832, stack(0x0000004707b00000,0x0000004707c00000) (1024K)]
  0x0000021bcc267f40 WorkerThread "GC Thread#7"                     [id=21844, stack(0x0000004707c00000,0x0000004707d00000) (1024K)]
  0x0000021bcc266cd0 WorkerThread "GC Thread#8"                     [id=21840, stack(0x0000004707d00000,0x0000004707e00000) (1024K)]
  0x0000021bcc267430 WorkerThread "GC Thread#9"                     [id=21852, stack(0x0000004707e00000,0x0000004707f00000) (1024K)]
  0x0000021be435e5a0 ConcurrentGCThread "G1 Main Marker"            [id=764, stack(0x0000004705b00000,0x0000004705c00000) (1024K)]
  0x0000021be435f230 WorkerThread "G1 Conc#0"                       [id=14136, stack(0x0000004705c00000,0x0000004705d00000) (1024K)]
  0x0000021bffcc47f0 ConcurrentGCThread "G1 Refine#0"               [id=19328, stack(0x0000004705d00000,0x0000004705e00000) (1024K)]
  0x0000021bffcc5370 ConcurrentGCThread "G1 Service"                [id=19680, stack(0x0000004705e00000,0x0000004705f00000) (1024K)]
Total: 16

Threads with active compile tasks:
Total: 0

VM state: not at safepoint (normal execution)

VM Mutex/Monitor currently owned by a thread: None

Heap address: 0x0000000704400000, size: 4028 MB, Compressed Oops mode: Zero based, Oop shift amount: 3

CDS archive(s) mapped at: [0x0000021b84000000-0x0000021b84d40000-0x0000021b84d40000), size 13893632, SharedBaseAddress: 0x0000021b84000000, ArchiveRelocationMode: 1.
Compressed class space mapped at: 0x0000021b85000000-0x0000021bc5000000, reserved size: 1073741824
UseCompressedClassPointers 1, UseCompactObjectHeaders 0
Narrow klass pointer bits 32, Max shift 3
Narrow klass base: 0x0000021b84000000, Narrow klass shift: 0
Encoding Range: [0x0000021b84000000 - 0x0000021c84000000), (4294967296 bytes)
Klass Range:    [0x0000021b84000000 - 0x0000021bc5000000), (1090519040 bytes)
Klass ID Range:  [8 - 1090519033) (1090519025)

GC Precious Log:
 CardTable entry size: 512
 Card Set container configuration: InlinePtr #cards 4 size 8 Array Of Cards #cards 16 size 48 Howl #buckets 8 coarsen threshold 3686 Howl Bitmap #cards 512 size 80 coarsen threshold 460 Card regions per heap region 1 cards per card region 4096
 CPUs: 12 total, 12 available
 Memory: 16108M
 Large Page Support: Disabled
 NUMA Support: Disabled
 Compressed Oops: Enabled (Zero based)
 Heap Region Size: 2M
 Heap Min Capacity: 8M
 Heap Initial Capacity: 252M
 Heap Max Capacity: 4028M
 Pre-touch: Disabled
 Parallel Workers: 10
 Concurrent Workers: 3
 Concurrent Refinement Workers: 10
 Periodic GC: Disabled

Heap:
 garbage-first heap   total reserved 4124672K, committed 260096K, used 11907K [0x0000000704400000, 0x0000000800000000)
  region size 2048K, 6 young (12288K), 3 survivors (6144K)
 Metaspace       used 16458K, committed 16768K, reserved 1114112K
  class space    used 1549K, committed 1664K, reserved 1048576K

Heap Regions: E=young(eden), S=young(survivor), O=old, HS=humongous(starts), HC=humongous(continues), CS=collection set, F=free, TAMS=top-at-mark-start, PB=parsable bottom
|   0|0x0000000704400000, 0x0000000704484b00, 0x0000000704600000| 25%| O|  |TAMS 0x0000000704400000| PB 0x0000000704400000| Untracked |  0
|   1|0x0000000704600000, 0x0000000704600000, 0x0000000704800000|  0%| F|  |TAMS 0x0000000704600000| PB 0x0000000704600000| Untracked |  0
|   2|0x0000000704800000, 0x0000000704800000, 0x0000000704a00000|  0%| F|  |TAMS 0x0000000704800000| PB 0x0000000704800000| Untracked |  0
|   3|0x0000000704a00000, 0x0000000704a00000, 0x0000000704c00000|  0%| F|  |TAMS 0x0000000704a00000| PB 0x0000000704a00000| Untracked |  0
|   4|0x0000000704c00000, 0x0000000704c00000, 0x0000000704e00000|  0%| F|  |TAMS 0x0000000704c00000| PB 0x0000000704c00000| Untracked |  0
|   5|0x0000000704e00000, 0x0000000704e00000, 0x0000000705000000|  0%| F|  |TAMS 0x0000000704e00000| PB 0x0000000704e00000| Untracked |  0
|   6|0x0000000705000000, 0x0000000705000000, 0x0000000705200000|  0%| F|  |TAMS 0x0000000705000000| PB 0x0000000705000000| Untracked |  0
|   7|0x0000000705200000, 0x0000000705200000, 0x0000000705400000|  0%| F|  |TAMS 0x0000000705200000| PB 0x0000000705200000| Untracked |  0
|   8|0x0000000705400000, 0x0000000705400000, 0x0000000705600000|  0%| F|  |TAMS 0x0000000705400000| PB 0x0000000705400000| Untracked |  0
|   9|0x0000000705600000, 0x0000000705600000, 0x0000000705800000|  0%| F|  |TAMS 0x0000000705600000| PB 0x0000000705600000| Untracked |  0
|  10|0x0000000705800000, 0x0000000705800000, 0x0000000705a00000|  0%| F|  |TAMS 0x0000000705800000| PB 0x0000000705800000| Untracked |  0
|  11|0x0000000705a00000, 0x0000000705a00000, 0x0000000705c00000|  0%| F|  |TAMS 0x0000000705a00000| PB 0x0000000705a00000| Untracked |  0
|  12|0x0000000705c00000, 0x0000000705c00000, 0x0000000705e00000|  0%| F|  |TAMS 0x0000000705c00000| PB 0x0000000705c00000| Untracked |  0
|  13|0x0000000705e00000, 0x0000000705e00000, 0x0000000706000000|  0%| F|  |TAMS 0x0000000705e00000| PB 0x0000000705e00000| Untracked |  0
|  14|0x0000000706000000, 0x0000000706000000, 0x0000000706200000|  0%| F|  |TAMS 0x0000000706000000| PB 0x0000000706000000| Untracked |  0
|  15|0x0000000706200000, 0x0000000706200000, 0x0000000706400000|  0%| F|  |TAMS 0x0000000706200000| PB 0x0000000706200000| Untracked |  0
|  16|0x0000000706400000, 0x0000000706400000, 0x0000000706600000|  0%| F|  |TAMS 0x0000000706400000| PB 0x0000000706400000| Untracked |  0
|  17|0x0000000706600000, 0x0000000706600000, 0x0000000706800000|  0%| F|  |TAMS 0x0000000706600000| PB 0x0000000706600000| Untracked |  0
|  18|0x0000000706800000, 0x0000000706800000, 0x0000000706a00000|  0%| F|  |TAMS 0x0000000706800000| PB 0x0000000706800000| Untracked |  0
|  19|0x0000000706a00000, 0x0000000706a00000, 0x0000000706c00000|  0%| F|  |TAMS 0x0000000706a00000| PB 0x0000000706a00000| Untracked |  0
|  20|0x0000000706c00000, 0x0000000706c00000, 0x0000000706e00000|  0%| F|  |TAMS 0x0000000706c00000| PB 0x0000000706c00000| Untracked |  0
|  21|0x0000000706e00000, 0x0000000706e00000, 0x0000000707000000|  0%| F|  |TAMS 0x0000000706e00000| PB 0x0000000706e00000| Untracked |  0
|  22|0x0000000707000000, 0x0000000707000000, 0x0000000707200000|  0%| F|  |TAMS 0x0000000707000000| PB 0x0000000707000000| Untracked |  0
|  23|0x0000000707200000, 0x0000000707200000, 0x0000000707400000|  0%| F|  |TAMS 0x0000000707200000| PB 0x0000000707200000| Untracked |  0
|  24|0x0000000707400000, 0x0000000707400000, 0x0000000707600000|  0%| F|  |TAMS 0x0000000707400000| PB 0x0000000707400000| Untracked |  0
|  25|0x0000000707600000, 0x0000000707600000, 0x0000000707800000|  0%| F|  |TAMS 0x0000000707600000| PB 0x0000000707600000| Untracked |  0
|  26|0x0000000707800000, 0x0000000707800000, 0x0000000707a00000|  0%| F|  |TAMS 0x0000000707800000| PB 0x0000000707800000| Untracked |  0
|  27|0x0000000707a00000, 0x0000000707a00000, 0x0000000707c00000|  0%| F|  |TAMS 0x0000000707a00000| PB 0x0000000707a00000| Untracked |  0
|  28|0x0000000707c00000, 0x0000000707c00000, 0x0000000707e00000|  0%| F|  |TAMS 0x0000000707c00000| PB 0x0000000707c00000| Untracked |  0
|  29|0x0000000707e00000, 0x0000000707e00000, 0x0000000708000000|  0%| F|  |TAMS 0x0000000707e00000| PB 0x0000000707e00000| Untracked |  0
|  30|0x0000000708000000, 0x0000000708000000, 0x0000000708200000|  0%| F|  |TAMS 0x0000000708000000| PB 0x0000000708000000| Untracked |  0
|  31|0x0000000708200000, 0x0000000708200000, 0x0000000708400000|  0%| F|  |TAMS 0x0000000708200000| PB 0x0000000708200000| Untracked |  0
|  32|0x0000000708400000, 0x0000000708400000, 0x0000000708600000|  0%| F|  |TAMS 0x0000000708400000| PB 0x0000000708400000| Untracked |  0
|  33|0x0000000708600000, 0x0000000708600000, 0x0000000708800000|  0%| F|  |TAMS 0x0000000708600000| PB 0x0000000708600000| Untracked |  0
|  34|0x0000000708800000, 0x0000000708800000, 0x0000000708a00000|  0%| F|  |TAMS 0x0000000708800000| PB 0x0000000708800000| Untracked |  0
|  35|0x0000000708a00000, 0x0000000708a00000, 0x0000000708c00000|  0%| F|  |TAMS 0x0000000708a00000| PB 0x0000000708a00000| Untracked |  0
|  36|0x0000000708c00000, 0x0000000708c00000, 0x0000000708e00000|  0%| F|  |TAMS 0x0000000708c00000| PB 0x0000000708c00000| Untracked |  0
|  37|0x0000000708e00000, 0x0000000708e00000, 0x0000000709000000|  0%| F|  |TAMS 0x0000000708e00000| PB 0x0000000708e00000| Untracked |  0
|  38|0x0000000709000000, 0x0000000709000000, 0x0000000709200000|  0%| F|  |TAMS 0x0000000709000000| PB 0x0000000709000000| Untracked |  0
|  39|0x0000000709200000, 0x0000000709200000, 0x0000000709400000|  0%| F|  |TAMS 0x0000000709200000| PB 0x0000000709200000| Untracked |  0
|  40|0x0000000709400000, 0x0000000709400000, 0x0000000709600000|  0%| F|  |TAMS 0x0000000709400000| PB 0x0000000709400000| Untracked |  0
|  41|0x0000000709600000, 0x0000000709600000, 0x0000000709800000|  0%| F|  |TAMS 0x0000000709600000| PB 0x0000000709600000| Untracked |  0
|  42|0x0000000709800000, 0x0000000709800000, 0x0000000709a00000|  0%| F|  |TAMS 0x0000000709800000| PB 0x0000000709800000| Untracked |  0
|  43|0x0000000709a00000, 0x0000000709a00000, 0x0000000709c00000|  0%| F|  |TAMS 0x0000000709a00000| PB 0x0000000709a00000| Untracked |  0
|  44|0x0000000709c00000, 0x0000000709c00000, 0x0000000709e00000|  0%| F|  |TAMS 0x0000000709c00000| PB 0x0000000709c00000| Untracked |  0
|  45|0x0000000709e00000, 0x0000000709e00000, 0x000000070a000000|  0%| F|  |TAMS 0x0000000709e00000| PB 0x0000000709e00000| Untracked |  0
|  46|0x000000070a000000, 0x000000070a000000, 0x000000070a200000|  0%| F|  |TAMS 0x000000070a000000| PB 0x000000070a000000| Untracked |  0
|  47|0x000000070a200000, 0x000000070a200000, 0x000000070a400000|  0%| F|  |TAMS 0x000000070a200000| PB 0x000000070a200000| Untracked |  0
|  48|0x000000070a400000, 0x000000070a400000, 0x000000070a600000|  0%| F|  |TAMS 0x000000070a400000| PB 0x000000070a400000| Untracked |  0
|  49|0x000000070a600000, 0x000000070a600000, 0x000000070a800000|  0%| F|  |TAMS 0x000000070a600000| PB 0x000000070a600000| Untracked |  0
|  50|0x000000070a800000, 0x000000070a800000, 0x000000070aa00000|  0%| F|  |TAMS 0x000000070a800000| PB 0x000000070a800000| Untracked |  0
|  51|0x000000070aa00000, 0x000000070aa00000, 0x000000070ac00000|  0%| F|  |TAMS 0x000000070aa00000| PB 0x000000070aa00000| Untracked |  0
|  52|0x000000070ac00000, 0x000000070ac00000, 0x000000070ae00000|  0%| F|  |TAMS 0x000000070ac00000| PB 0x000000070ac00000| Untracked |  0
|  53|0x000000070ae00000, 0x000000070ae00000, 0x000000070b000000|  0%| F|  |TAMS 0x000000070ae00000| PB 0x000000070ae00000| Untracked |  0
|  54|0x000000070b000000, 0x000000070b000000, 0x000000070b200000|  0%| F|  |TAMS 0x000000070b000000| PB 0x000000070b000000| Untracked |  0
|  55|0x000000070b200000, 0x000000070b200000, 0x000000070b400000|  0%| F|  |TAMS 0x000000070b200000| PB 0x000000070b200000| Untracked |  0
|  56|0x000000070b400000, 0x000000070b400000, 0x000000070b600000|  0%| F|  |TAMS 0x000000070b400000| PB 0x000000070b400000| Untracked |  0
|  57|0x000000070b600000, 0x000000070b600000, 0x000000070b800000|  0%| F|  |TAMS 0x000000070b600000| PB 0x000000070b600000| Untracked |  0
|  58|0x000000070b800000, 0x000000070b800000, 0x000000070ba00000|  0%| F|  |TAMS 0x000000070b800000| PB 0x000000070b800000| Untracked |  0
|  59|0x000000070ba00000, 0x000000070ba00000, 0x000000070bc00000|  0%| F|  |TAMS 0x000000070ba00000| PB 0x000000070ba00000| Untracked |  0
|  60|0x000000070bc00000, 0x000000070bc00000, 0x000000070be00000|  0%| F|  |TAMS 0x000000070bc00000| PB 0x000000070bc00000| Untracked |  0
|  61|0x000000070be00000, 0x000000070be00000, 0x000000070c000000|  0%| F|  |TAMS 0x000000070be00000| PB 0x000000070be00000| Untracked |  0
|  62|0x000000070c000000, 0x000000070c000000, 0x000000070c200000|  0%| F|  |TAMS 0x000000070c000000| PB 0x000000070c000000| Untracked |  0
|  63|0x000000070c200000, 0x000000070c200000, 0x000000070c400000|  0%| F|  |TAMS 0x000000070c200000| PB 0x000000070c200000| Untracked |  0
|  64|0x000000070c400000, 0x000000070c400000, 0x000000070c600000|  0%| F|  |TAMS 0x000000070c400000| PB 0x000000070c400000| Untracked |  0
|  65|0x000000070c600000, 0x000000070c600000, 0x000000070c800000|  0%| F|  |TAMS 0x000000070c600000| PB 0x000000070c600000| Untracked |  0
|  66|0x000000070c800000, 0x000000070c800000, 0x000000070ca00000|  0%| F|  |TAMS 0x000000070c800000| PB 0x000000070c800000| Untracked |  0
|  67|0x000000070ca00000, 0x000000070ca00000, 0x000000070cc00000|  0%| F|  |TAMS 0x000000070ca00000| PB 0x000000070ca00000| Untracked |  0
|  68|0x000000070cc00000, 0x000000070cc00000, 0x000000070ce00000|  0%| F|  |TAMS 0x000000070cc00000| PB 0x000000070cc00000| Untracked |  0
|  69|0x000000070ce00000, 0x000000070ce00000, 0x000000070d000000|  0%| F|  |TAMS 0x000000070ce00000| PB 0x000000070ce00000| Untracked |  0
|  70|0x000000070d000000, 0x000000070d000000, 0x000000070d200000|  0%| F|  |TAMS 0x000000070d000000| PB 0x000000070d000000| Untracked |  0
|  71|0x000000070d200000, 0x000000070d200000, 0x000000070d400000|  0%| F|  |TAMS 0x000000070d200000| PB 0x000000070d200000| Untracked |  0
|  72|0x000000070d400000, 0x000000070d400000, 0x000000070d600000|  0%| F|  |TAMS 0x000000070d400000| PB 0x000000070d400000| Untracked |  0
|  73|0x000000070d600000, 0x000000070d600000, 0x000000070d800000|  0%| F|  |TAMS 0x000000070d600000| PB 0x000000070d600000| Untracked |  0
|  74|0x000000070d800000, 0x000000070d800000, 0x000000070da00000|  0%| F|  |TAMS 0x000000070d800000| PB 0x000000070d800000| Untracked |  0
|  75|0x000000070da00000, 0x000000070da00000, 0x000000070dc00000|  0%| F|  |TAMS 0x000000070da00000| PB 0x000000070da00000| Untracked |  0
|  76|0x000000070dc00000, 0x000000070dc00000, 0x000000070de00000|  0%| F|  |TAMS 0x000000070dc00000| PB 0x000000070dc00000| Untracked |  0
|  77|0x000000070de00000, 0x000000070de00000, 0x000000070e000000|  0%| F|  |TAMS 0x000000070de00000| PB 0x000000070de00000| Untracked |  0
|  78|0x000000070e000000, 0x000000070e000000, 0x000000070e200000|  0%| F|  |TAMS 0x000000070e000000| PB 0x000000070e000000| Untracked |  0
|  79|0x000000070e200000, 0x000000070e200000, 0x000000070e400000|  0%| F|  |TAMS 0x000000070e200000| PB 0x000000070e200000| Untracked |  0
|  80|0x000000070e400000, 0x000000070e400000, 0x000000070e600000|  0%| F|  |TAMS 0x000000070e400000| PB 0x000000070e400000| Untracked |  0
|  81|0x000000070e600000, 0x000000070e600000, 0x000000070e800000|  0%| F|  |TAMS 0x000000070e600000| PB 0x000000070e600000| Untracked |  0
|  82|0x000000070e800000, 0x000000070e800000, 0x000000070ea00000|  0%| F|  |TAMS 0x000000070e800000| PB 0x000000070e800000| Untracked |  0
|  83|0x000000070ea00000, 0x000000070ea00000, 0x000000070ec00000|  0%| F|  |TAMS 0x000000070ea00000| PB 0x000000070ea00000| Untracked |  0
|  84|0x000000070ec00000, 0x000000070ec00000, 0x000000070ee00000|  0%| F|  |TAMS 0x000000070ec00000| PB 0x000000070ec00000| Untracked |  0
|  85|0x000000070ee00000, 0x000000070ee00000, 0x000000070f000000|  0%| F|  |TAMS 0x000000070ee00000| PB 0x000000070ee00000| Untracked |  0
|  86|0x000000070f000000, 0x000000070f000000, 0x000000070f200000|  0%| F|  |TAMS 0x000000070f000000| PB 0x000000070f000000| Untracked |  0
|  87|0x000000070f200000, 0x000000070f200000, 0x000000070f400000|  0%| F|  |TAMS 0x000000070f200000| PB 0x000000070f200000| Untracked |  0
|  88|0x000000070f400000, 0x000000070f400000, 0x000000070f600000|  0%| F|  |TAMS 0x000000070f400000| PB 0x000000070f400000| Untracked |  0
|  89|0x000000070f600000, 0x000000070f600000, 0x000000070f800000|  0%| F|  |TAMS 0x000000070f600000| PB 0x000000070f600000| Untracked |  0
|  90|0x000000070f800000, 0x000000070f800000, 0x000000070fa00000|  0%| F|  |TAMS 0x000000070f800000| PB 0x000000070f800000| Untracked |  0
|  91|0x000000070fa00000, 0x000000070fa00000, 0x000000070fc00000|  0%| F|  |TAMS 0x000000070fa00000| PB 0x000000070fa00000| Untracked |  0
|  92|0x000000070fc00000, 0x000000070fc00000, 0x000000070fe00000|  0%| F|  |TAMS 0x000000070fc00000| PB 0x000000070fc00000| Untracked |  0
|  93|0x000000070fe00000, 0x000000070fe00000, 0x0000000710000000|  0%| F|  |TAMS 0x000000070fe00000| PB 0x000000070fe00000| Untracked |  0
|  94|0x0000000710000000, 0x0000000710000000, 0x0000000710200000|  0%| F|  |TAMS 0x0000000710000000| PB 0x0000000710000000| Untracked |  0
|  95|0x0000000710200000, 0x0000000710200000, 0x0000000710400000|  0%| F|  |TAMS 0x0000000710200000| PB 0x0000000710200000| Untracked |  0
|  96|0x0000000710400000, 0x0000000710400000, 0x0000000710600000|  0%| F|  |TAMS 0x0000000710400000| PB 0x0000000710400000| Untracked |  0
|  97|0x0000000710600000, 0x0000000710600000, 0x0000000710800000|  0%| F|  |TAMS 0x0000000710600000| PB 0x0000000710600000| Untracked |  0
|  98|0x0000000710800000, 0x0000000710800000, 0x0000000710a00000|  0%| F|  |TAMS 0x0000000710800000| PB 0x0000000710800000| Untracked |  0
|  99|0x0000000710a00000, 0x0000000710c00000, 0x0000000710c00000|100%| S|CS|TAMS 0x0000000710a00000| PB 0x0000000710a00000| Complete |  0
| 100|0x0000000710c00000, 0x0000000710e00000, 0x0000000710e00000|100%| S|CS|TAMS 0x0000000710c00000| PB 0x0000000710c00000| Complete |  0
| 101|0x0000000710e00000, 0x0000000711000000, 0x0000000711000000|100%| S|CS|TAMS 0x0000000710e00000| PB 0x0000000710e00000| Complete |  0
| 102|0x0000000711000000, 0x0000000711000000, 0x0000000711200000|  0%| F|  |TAMS 0x0000000711000000| PB 0x0000000711000000| Untracked |  0
| 103|0x0000000711200000, 0x0000000711200000, 0x0000000711400000|  0%| F|  |TAMS 0x0000000711200000| PB 0x0000000711200000| Untracked |  0
| 104|0x0000000711400000, 0x0000000711400000, 0x0000000711600000|  0%| F|  |TAMS 0x0000000711400000| PB 0x0000000711400000| Untracked |  0
| 105|0x0000000711600000, 0x0000000711600000, 0x0000000711800000|  0%| F|  |TAMS 0x0000000711600000| PB 0x0000000711600000| Untracked |  0
| 106|0x0000000711800000, 0x0000000711800000, 0x0000000711a00000|  0%| F|  |TAMS 0x0000000711800000| PB 0x0000000711800000| Untracked |  0
| 107|0x0000000711a00000, 0x0000000711a00000, 0x0000000711c00000|  0%| F|  |TAMS 0x0000000711a00000| PB 0x0000000711a00000| Untracked |  0
| 108|0x0000000711c00000, 0x0000000711c00000, 0x0000000711e00000|  0%| F|  |TAMS 0x0000000711c00000| PB 0x0000000711c00000| Untracked |  0
| 109|0x0000000711e00000, 0x0000000711e00000, 0x0000000712000000|  0%| F|  |TAMS 0x0000000711e00000| PB 0x0000000711e00000| Untracked |  0
| 110|0x0000000712000000, 0x0000000712000000, 0x0000000712200000|  0%| F|  |TAMS 0x0000000712000000| PB 0x0000000712000000| Untracked |  0
| 111|0x0000000712200000, 0x0000000712200000, 0x0000000712400000|  0%| F|  |TAMS 0x0000000712200000| PB 0x0000000712200000| Untracked |  0
| 112|0x0000000712400000, 0x0000000712400000, 0x0000000712600000|  0%| F|  |TAMS 0x0000000712400000| PB 0x0000000712400000| Untracked |  0
| 113|0x0000000712600000, 0x0000000712600000, 0x0000000712800000|  0%| F|  |TAMS 0x0000000712600000| PB 0x0000000712600000| Untracked |  0
| 114|0x0000000712800000, 0x0000000712800000, 0x0000000712a00000|  0%| F|  |TAMS 0x0000000712800000| PB 0x0000000712800000| Untracked |  0
| 115|0x0000000712a00000, 0x0000000712a00000, 0x0000000712c00000|  0%| F|  |TAMS 0x0000000712a00000| PB 0x0000000712a00000| Untracked |  0
| 116|0x0000000712c00000, 0x0000000712c00000, 0x0000000712e00000|  0%| F|  |TAMS 0x0000000712c00000| PB 0x0000000712c00000| Untracked |  0
| 117|0x0000000712e00000, 0x0000000712e00000, 0x0000000713000000|  0%| F|  |TAMS 0x0000000712e00000| PB 0x0000000712e00000| Untracked |  0
| 118|0x0000000713000000, 0x0000000713000000, 0x0000000713200000|  0%| F|  |TAMS 0x0000000713000000| PB 0x0000000713000000| Untracked |  0
| 119|0x0000000713200000, 0x0000000713200000, 0x0000000713400000|  0%| F|  |TAMS 0x0000000713200000| PB 0x0000000713200000| Untracked |  0
| 120|0x0000000713400000, 0x0000000713400000, 0x0000000713600000|  0%| F|  |TAMS 0x0000000713400000| PB 0x0000000713400000| Untracked |  0
| 121|0x0000000713600000, 0x0000000713600000, 0x0000000713800000|  0%| F|  |TAMS 0x0000000713600000| PB 0x0000000713600000| Untracked |  0
| 122|0x0000000713800000, 0x0000000713800000, 0x0000000713a00000|  0%| F|  |TAMS 0x0000000713800000| PB 0x0000000713800000| Untracked |  0
| 123|0x0000000713a00000, 0x0000000713bc7f30, 0x0000000713c00000| 89%| E|  |TAMS 0x0000000713a00000| PB 0x0000000713a00000| Complete |  0
| 124|0x0000000713c00000, 0x0000000713e00000, 0x0000000713e00000|100%| E|CS|TAMS 0x0000000713c00000| PB 0x0000000713c00000| Complete |  0
| 125|0x0000000713e00000, 0x0000000714000000, 0x0000000714000000|100%| E|CS|TAMS 0x0000000713e00000| PB 0x0000000713e00000| Complete |  0
|2013|0x00000007ffe00000, 0x00000007fff1c348, 0x0000000800000000| 55%| O|  |TAMS 0x00000007ffe00000| PB 0x00000007ffe00000| Untracked |  0

Card table byte_map: [0x0000021bfc9c0000,0x0000021bfd1a0000] _byte_map_base: 0x0000021bf919e000

Marking Bits: (CMBitMap*) 0x0000021be434a1b0
 Bits: [0x0000021b80000000, 0x0000021b83ef0000)

Polling page: 0x0000021be22b0000

Metaspace:

Usage:
  Non-class:     14.56 MB used.
      Class:      1.51 MB used.
       Both:     16.07 MB used.

Virtual space:
  Non-class space:       64.00 MB reserved,      14.75 MB ( 23%) committed,  1 nodes.
      Class space:        1.00 GB reserved,       1.62 MB ( <1%) committed,  1 nodes.
             Both:        1.06 GB reserved,      16.38 MB (  2%) committed. 

Chunk freelists:
   Non-Class:  1002.00 KB
       Class:  14.23 MB
        Both:  15.21 MB

MaxMetaspaceSize: unlimited
CompressedClassSpaceSize: 1.00 GB
Initial GC threshold: 21.00 MB
Current GC threshold: 21.00 MB
CDS: on
 - commit_granule_bytes: 65536.
 - commit_granule_words: 8192.
 - virtual_space_node_default_size: 8388608.
 - enlarge_chunks_in_place: 1.
UseCompressedClassPointers 1, UseCompactObjectHeaders 0
Narrow klass pointer bits 32, Max shift 3
Narrow klass base: 0x0000021b84000000, Narrow klass shift: 0
Encoding Range: [0x0000021b84000000 - 0x0000021c84000000), (4294967296 bytes)
Klass Range:    [0x0000021b84000000 - 0x0000021bc5000000), (1090519040 bytes)
Klass ID Range:  [8 - 1090519033) (1090519025)


Internal statistics:

num_allocs_failed_limit: 0.
num_arena_births: 232.
num_arena_deaths: 0.
num_vsnodes_births: 2.
num_vsnodes_deaths: 0.
num_space_committed: 262.
num_space_uncommitted: 0.
num_chunks_returned_to_freelist: 0.
num_chunks_taken_from_freelist: 453.
num_chunk_merges: 0.
num_chunk_splits: 285.
num_chunks_enlarged: 159.
num_inconsistent_stats: 0.

CodeHeap 'non-profiled nmethods': size=120064Kb used=993Kb max_used=993Kb free=119070Kb
 bounds [0x0000021bf4630000, 0x0000021bf48a0000, 0x0000021bfbb70000]
CodeHeap 'profiled nmethods': size=120000Kb used=4879Kb max_used=4879Kb free=115120Kb
 bounds [0x0000021becb70000, 0x0000021bed040000, 0x0000021bf40a0000]
CodeHeap 'non-nmethods': size=5696Kb used=1440Kb max_used=1503Kb free=4256Kb
 bounds [0x0000021bf40a0000, 0x0000021bf4310000, 0x0000021bf4630000]
CodeCache: size=245760Kb, used=7312Kb, max_used=7375Kb, free=238446Kb
 total_blobs=3693, nmethods=3087, adapters=510, full_count=0
Compilation: enabled, stopped_count=0, restarted_count=0

Compilation events (20 events):
Event: 43.338 Thread 0x0000021bffe38170 nmethod 3081 0x0000021bf4722688 code [0x0000021bf4722780, 0x0000021bf4722848]
Event: 43.338 Thread 0x0000021bffe38170 3082       1       jdk.jfr.internal.EventControl::getSettingsId (5 bytes)
Event: 43.338 Thread 0x0000021bffe38170 nmethod 3082 0x0000021bf4722988 code [0x0000021bf4722a80, 0x0000021bf4722b48]
Event: 43.338 Thread 0x0000021bffe38170 3083       1       jdk.jfr.internal.EventControl::getNamedControls (5 bytes)
Event: 43.338 Thread 0x0000021bffe38170 nmethod 3083 0x0000021bf4722c88 code [0x0000021bf4722d80, 0x0000021bf4722e48]
Event: 43.339 Thread 0x0000021bc930cec0 nmethod 3065 0x0000021bf4722f88 code [0x0000021bf4723220, 0x0000021bf4724de8]
Event: 43.339 Thread 0x0000021bffe2c600 nmethod 3057 0x0000021bf4724f08 code [0x0000021bf4725020, 0x0000021bf4725600]
Event: 43.339 Thread 0x0000021bc930cec0 3071       4       java.util.LinkedHashMap::linkNodeAtEnd (76 bytes)
Event: 43.339 Thread 0x0000021bffe2c600 3064       4       jdk.jfr.internal.MetadataWriter::writeInt (148 bytes)
Event: 43.340 Thread 0x0000021bffe38170 3085       1       jdk.jfr.internal.periodic.EventTask::getEventType (5 bytes)
Event: 43.340 Thread 0x0000021bffe38170 nmethod 3085 0x0000021bf4725688 code [0x0000021bf4725780, 0x0000021bf4725848]
Event: 43.340 Thread 0x0000021bffe38170 3087       3       java.util.Comparator$$Lambda/0x0000021b8513e9b8::compare (10 bytes)
Event: 43.340 Thread 0x0000021bc930cec0 nmethod 3071 0x0000021bf4725988 code [0x0000021bf4725aa0, 0x0000021bf4725fc8]
Event: 43.340 Thread 0x0000021bffe38170 nmethod 3087 0x0000021bed033408 code [0x0000021bed033560, 0x0000021bed0339d8]
Event: 43.340 Thread 0x0000021bffe38170 3088       3       java.util.Comparator::lambda$comparingLong$6043328a$1 (18 bytes)
Event: 43.341 Thread 0x0000021bffe38170 nmethod 3088 0x0000021bed033a08 code [0x0000021bed033b60, 0x0000021bed033f40]
Event: 43.341 Thread 0x0000021bffe38170 3086       1       jdk.jfr.internal.periodic.PeriodicTask::getPeriod (5 bytes)
Event: 43.341 Thread 0x0000021bffe38170 nmethod 3086 0x0000021bf4726008 code [0x0000021bf4726100, 0x0000021bf47261c8]
Event: 43.343 Thread 0x0000021bffe2c600 nmethod 3064 0x0000021bf4726308 code [0x0000021bf47264e0, 0x0000021bf4726f00]
Event: 43.349 Thread 0x0000021bc930bfa0 nmethod 3053 0x0000021bf4726f88 code [0x0000021bf4727240, 0x0000021bf4728618]

GC Heap History (2 events):
Event: 43.291 GC heap before
{Heap before GC invocations=0 (full 0):
 garbage-first heap   total reserved 4124672K, committed 260096K, used 48240K [0x0000000704400000, 0x0000000800000000)
  region size 2048K, 24 young (49152K), 0 survivors (0K)
 Metaspace       used 16115K, committed 16448K, reserved 1114112K
  class space    used 1510K, committed 1664K, reserved 1048576K
}
Event: 43.297 GC heap after
{Heap after GC invocations=1 (full 0):
 garbage-first heap   total reserved 4124672K, committed 260096K, used 7811K [0x0000000704400000, 0x0000000800000000)
  region size 2048K, 3 young (6144K), 3 survivors (6144K)
 Metaspace       used 16115K, committed 16448K, reserved 1114112K
  class space    used 1510K, committed 1664K, reserved 1048576K
}

Dll operation events (13 events):
Event: 0.015 Loaded shared library C:\Users\Lenovo\.jdks\openjdk-24\bin\java.dll
Event: 0.056 Loaded shared library C:\Users\Lenovo\.jdks\openjdk-24\bin\jsvml.dll
Event: 0.103 Loaded shared library C:\Users\Lenovo\.jdks\openjdk-24\bin\zip.dll
Event: 0.107 Loaded shared library C:\Users\Lenovo\.jdks\openjdk-24\bin\instrument.dll
Event: 0.113 Loaded shared library C:\Users\Lenovo\.jdks\openjdk-24\bin\net.dll
Event: 0.115 Loaded shared library C:\Users\Lenovo\.jdks\openjdk-24\bin\nio.dll
Event: 0.124 Loaded shared library C:\Users\Lenovo\.jdks\openjdk-24\bin\zip.dll
Event: 0.162 Loaded shared library C:\Users\Lenovo\.jdks\openjdk-24\bin\extnet.dll
Event: 0.165 Loaded shared library C:\Users\Lenovo\.jdks\openjdk-24\bin\jimage.dll
Event: 0.241 Loaded shared library C:\Users\Lenovo\.jdks\openjdk-24\bin\management.dll
Event: 0.249 Loaded shared library C:\Users\Lenovo\.jdks\openjdk-24\bin\management_ext.dll
Event: 15.519 Loaded shared library C:\Users\Lenovo\.jdks\openjdk-24\bin\sunmscapi.dll
Event: 43.197 Loaded shared library C:\Users\Lenovo\AppData\Local\Temp\idea_libasyncProfiler_dll_temp_folder\libasyncProfiler.dll

Deoptimization events (20 events):
Event: 43.287 Thread 0x0000021bffe26680 Uncommon trap: trap_request=0xffffffcc fr.pc=0x0000021bf4710f7c relative=0x00000000000003bc
Event: 43.287 Thread 0x0000021bffe26680 Uncommon trap: reason=intrinsic_or_type_checked_inlining action=make_not_entrant pc=0x0000021bf4710f7c method=java.util.Arrays.copyOf([Ljava/lang/Object;ILjava/lang/Class;)[Ljava/lang/Object; @ 35 c2
Event: 43.287 Thread 0x0000021bffe26680 DEOPT PACKING pc=0x0000021bf4710f7c sp=0x00000047064fdf80
Event: 43.287 Thread 0x0000021bffe26680 DEOPT UNPACKING pc=0x0000021bf41b7282 sp=0x00000047064fdf10 mode 2
Event: 43.297 Thread 0x0000021bffe26680 Uncommon trap: trap_request=0xffffff4d fr.pc=0x0000021bf470fe9c relative=0x00000000000000fc
Event: 43.297 Thread 0x0000021bffe26680 Uncommon trap: reason=unstable_if action=reinterpret pc=0x0000021bf470fe9c method=java.lang.ref.SoftReference.get()Ljava/lang/Object; @ 17 c2
Event: 43.297 Thread 0x0000021bffe26680 DEOPT PACKING pc=0x0000021bf470fe9c sp=0x00000047064fdc80
Event: 43.297 Thread 0x0000021bffe26680 DEOPT UNPACKING pc=0x0000021bf41b7282 sp=0x00000047064fdba8 mode 2
Event: 43.297 Thread 0x0000021bffe26680 Uncommon trap: trap_request=0xffffff4d fr.pc=0x0000021bf46f439c relative=0x000000000000009c
Event: 43.297 Thread 0x0000021bffe26680 Uncommon trap: reason=unstable_if action=reinterpret pc=0x0000021bf46f439c method=java.lang.ref.SoftReference.get()Ljava/lang/Object; @ 17 c2
Event: 43.297 Thread 0x0000021bffe26680 DEOPT PACKING pc=0x0000021bf46f439c sp=0x00000047064fdc00
Event: 43.297 Thread 0x0000021bffe26680 DEOPT UNPACKING pc=0x0000021bf41b7282 sp=0x00000047064fdb98 mode 2
Event: 43.300 Thread 0x0000021bffe26680 Uncommon trap: trap_request=0xffffff4d fr.pc=0x0000021bf46b90e0 relative=0x0000000000000060
Event: 43.300 Thread 0x0000021bffe26680 Uncommon trap: reason=unstable_if action=reinterpret pc=0x0000021bf46b90e0 method=java.lang.ref.ReferenceQueue.poll()Ljava/lang/ref/Reference; @ 4 c2
Event: 43.300 Thread 0x0000021bffe26680 DEOPT PACKING pc=0x0000021bf46b90e0 sp=0x00000047064fd400
Event: 43.300 Thread 0x0000021bffe26680 DEOPT UNPACKING pc=0x0000021bf41b7282 sp=0x00000047064fd308 mode 2
Event: 43.300 Thread 0x0000021bffe26680 Uncommon trap: trap_request=0xffffff4d fr.pc=0x0000021bf468d358 relative=0x0000000000000058
Event: 43.300 Thread 0x0000021bffe26680 Uncommon trap: reason=unstable_if action=reinterpret pc=0x0000021bf468d358 method=java.lang.ref.ReferenceQueue.poll()Ljava/lang/ref/Reference; @ 4 c2
Event: 43.300 Thread 0x0000021bffe26680 DEOPT PACKING pc=0x0000021bf468d358 sp=0x00000047064fd390
Event: 43.300 Thread 0x0000021bffe26680 DEOPT UNPACKING pc=0x0000021bf41b7282 sp=0x00000047064fd308 mode 2

Classes loaded (20 events):
Event: 43.320 Loading class jdk/jfr/internal/MetadataWriter
Event: 43.320 Loading class jdk/jfr/internal/MetadataWriter done
Event: 43.320 Loading class jdk/jfr/internal/MetadataDescriptor$Element
Event: 43.320 Loading class jdk/jfr/internal/MetadataDescriptor$Element done
Event: 43.320 Loading class jdk/jfr/internal/MetadataDescriptor$Attribute
Event: 43.320 Loading class jdk/jfr/internal/MetadataDescriptor$Attribute done
Event: 43.324 Loading class jdk/jfr/internal/consumer/StringParser$Encoding
Event: 43.324 Loading class jdk/jfr/internal/consumer/StringParser$Encoding done
Event: 43.332 Loading class jdk/jfr/internal/consumer/RepositoryFiles
Event: 43.332 Loading class jdk/jfr/internal/consumer/RepositoryFiles done
Event: 43.334 Loading class jdk/jfr/internal/SettingsManager$InternalSetting
Event: 43.334 Loading class jdk/jfr/internal/SettingsManager$InternalSetting done
Event: 43.335 Loading class jdk/jfr/internal/util/Rate
Event: 43.335 Loading class jdk/jfr/internal/util/Rate done
Event: 43.335 Loading class jdk/jfr/internal/util/TimespanUnit
Event: 43.335 Loading class jdk/jfr/internal/util/TimespanUnit done
Event: 43.335 Loading class jdk/jfr/internal/util/ValueParser
Event: 43.336 Loading class jdk/jfr/internal/util/ValueParser done
Event: 43.336 Loading class jdk/jfr/internal/periodic/PeriodicType
Event: 43.336 Loading class jdk/jfr/internal/periodic/PeriodicType done

Classes unloaded (0 events):
No events

Classes redefined (0 events):
No events

Internal exceptions (20 events):
Event: 15.717 Thread 0x0000021be42e0220 Exception <a 'java/lang/NoSuchMethodError'{0x000000071180cb08}: 'void java.lang.invoke.DirectMethodHandle$Holder.invokeInterface(java.lang.Object, java.lang.Object)'> (0x000000071180cb08) 
thrown [s\open\src\hotspot\share\interpreter\linkResolver.cpp, line 805]
Event: 31.122 Thread 0x0000021be42e0220 Exception <a 'java/io/IOException'{0x00000007118e0058}> (0x00000007118e0058) 
thrown [s\open\src\hotspot\share\prims\jni.cpp, line 518]
Event: 31.156 Thread 0x0000021be42e0220 Exception <a 'java/io/IOException'{0x000000071194b770}> (0x000000071194b770) 
thrown [s\open\src\hotspot\share\prims\jni.cpp, line 518]
Event: 31.177 Thread 0x0000021be42e0220 Exception <a 'java/io/IOException'{0x00000007119aa338}> (0x00000007119aa338) 
thrown [s\open\src\hotspot\share\prims\jni.cpp, line 518]
Event: 37.481 Thread 0x0000021be42e0220 Exception <a 'java/lang/NoSuchMethodError'{0x0000000711627f40}: 'java.lang.Object java.lang.invoke.DirectMethodHandle$Holder.invokeStatic(java.lang.Object, int, java.lang.Object)'> (0x0000000711627f40) 
thrown [s\open\src\hotspot\share\interpreter\linkResolver.cpp, line 805]
Event: 37.516 Thread 0x0000021be42e0220 Exception <a 'java/io/IOException'{0x00000007117028b0}> (0x00000007117028b0) 
thrown [s\open\src\hotspot\share\prims\jni.cpp, line 518]
Event: 37.558 Thread 0x0000021be42e0220 Exception <a 'java/io/IOException'{0x000000071140de48}> (0x000000071140de48) 
thrown [s\open\src\hotspot\share\prims\jni.cpp, line 518]
Event: 37.558 Thread 0x0000021be42e0220 Exception <a 'java/io/IOException'{0x000000071140fee0}> (0x000000071140fee0) 
thrown [s\open\src\hotspot\share\prims\jni.cpp, line 518]
Event: 39.918 Thread 0x0000021be42e0220 Exception <a 'java/lang/NoSuchMethodError'{0x0000000711477120}: 'double java.lang.invoke.DirectMethodHandle$Holder.invokeVirtual(java.lang.Object, java.lang.Object)'> (0x0000000711477120) 
thrown [s\open\src\hotspot\share\interpreter\linkResolver.cpp, line 805]
Event: 39.924 Thread 0x0000021be42e0220 Exception <a 'java/lang/NoSuchMethodError'{0x000000071148db10}: 'void java.lang.invoke.DirectMethodHandle$Holder.invokeStatic(java.lang.Object, java.lang.Object, double)'> (0x000000071148db10) 
thrown [s\open\src\hotspot\share\interpreter\linkResolver.cpp, line 805]
Event: 43.224 Thread 0x0000021bffe26680 Exception <a 'java/lang/NoSuchMethodError'{0x00000007131e7978}: 'void java.lang.invoke.DirectMethodHandle$Holder.invokeStaticInit(java.lang.Object)'> (0x00000007131e7978) 
thrown [s\open\src\hotspot\share\interpreter\linkResolver.cpp, line 805]
Event: 43.228 Thread 0x0000021bffe26680 Exception <a 'java/lang/NoSuchMethodError'{0x000000071154caa8}: 'java.lang.Object java.lang.invoke.DirectMethodHandle$Holder.newInvokeSpecial(java.lang.Object, java.lang.Object, java.lang.Object, java.lang.Object, java.lang.Object)'> (0x000000071154caa8) 
thrown [s\open\src\hotspot\share\interpreter\linkResolver.cpp, line 805]
Event: 43.251 Thread 0x0000021bffe26680 Exception <a 'java/lang/NoSuchMethodError'{0x00000007112e22a0}: 'int java.lang.invoke.DirectMethodHandle$Holder.invokeStatic(java.lang.Object, java.lang.Object, java.lang.Object, java.lang.Object)'> (0x00000007112e22a0) 
thrown [s\open\src\hotspot\share\interpreter\linkResolver.cpp, line 805]
Event: 43.310 Thread 0x0000021bffe26680 Exception <a 'java/lang/NoSuchMethodError'{0x0000000713edf8a0}: 'void java.lang.invoke.DirectMethodHandle$Holder.invokeSpecial(java.lang.Object, java.lang.Object, int)'> (0x0000000713edf8a0) 
thrown [s\open\src\hotspot\share\interpreter\linkResolver.cpp, line 805]
Event: 43.310 Thread 0x0000021bffe26680 Exception <a 'java/lang/NoSuchMethodError'{0x0000000713ee74c0}: 'void java.lang.invoke.Invokers$Holder.invokeExact_MT(java.lang.Object, int, java.lang.Object)'> (0x0000000713ee74c0) 
thrown [s\open\src\hotspot\share\interpreter\linkResolver.cpp, line 805]
Event: 43.312 Thread 0x0000021bffe26680 Exception <a 'java/lang/NoSuchMethodError'{0x0000000713fdacb8}: 'void java.lang.invoke.DirectMethodHandle$Holder.invokeStatic(java.lang.Object, java.lang.Object, int)'> (0x0000000713fdacb8) 
thrown [s\open\src\hotspot\share\interpreter\linkResolver.cpp, line 805]
Event: 43.312 Thread 0x0000021bffe26680 Exception <a 'java/lang/NoSuchMethodError'{0x0000000713fe9bc0}: 'java.lang.Object java.lang.invoke.DirectMethodHandle$Holder.newInvokeSpecial(java.lang.Object, java.lang.Object, int)'> (0x0000000713fe9bc0) 
thrown [s\open\src\hotspot\share\interpreter\linkResolver.cpp, line 805]
Event: 43.314 Thread 0x0000021bffe26680 Exception <a 'sun/nio/fs/WindowsException'{0x0000000713c7a448}> (0x0000000713c7a448) 
thrown [s\open\src\hotspot\share\prims\jni.cpp, line 518]
Event: 43.316 Thread 0x0000021bffe26680 Exception <a 'sun/nio/fs/WindowsException'{0x0000000713c87278}> (0x0000000713c87278) 
thrown [s\open\src\hotspot\share\prims\jni.cpp, line 518]
Event: 43.318 Thread 0x0000021bffe26680 Exception <a 'sun/nio/fs/WindowsException'{0x0000000713c99080}> (0x0000000713c99080) 
thrown [s\open\src\hotspot\share\prims\jni.cpp, line 518]

VM Operations (20 events):
Event: 0.553 Executing VM operation: HandshakeAllThreads (Deoptimize)
Event: 0.553 Executing VM operation: HandshakeAllThreads (Deoptimize) done
Event: 0.619 Executing VM operation: HandshakeAllThreads (Deoptimize)
Event: 0.619 Executing VM operation: HandshakeAllThreads (Deoptimize) done
Event: 15.191 Executing VM operation: HandshakeAllThreads (Deoptimize)
Event: 15.191 Executing VM operation: HandshakeAllThreads (Deoptimize) done
Event: 15.191 Executing VM operation: HandshakeAllThreads (Deoptimize)
Event: 15.191 Executing VM operation: HandshakeAllThreads (Deoptimize) done
Event: 15.424 Executing VM operation: HandshakeAllThreads (Deoptimize)
Event: 15.424 Executing VM operation: HandshakeAllThreads (Deoptimize) done
Event: 15.441 Executing VM operation: HandshakeAllThreads (Deoptimize)
Event: 15.441 Executing VM operation: HandshakeAllThreads (Deoptimize) done
Event: 15.621 Executing VM operation: HandshakeAllThreads (Deoptimize)
Event: 15.621 Executing VM operation: HandshakeAllThreads (Deoptimize) done
Event: 43.291 Executing VM operation: G1CollectForAllocation (G1 Evacuation Pause)
Event: 43.297 Executing VM operation: G1CollectForAllocation (G1 Evacuation Pause) done
Event: 43.313 Executing VM operation: HandshakeAllThreads (Deoptimize)
Event: 43.313 Executing VM operation: HandshakeAllThreads (Deoptimize) done
Event: 43.332 Executing VM operation: JFRSafepointClear
Event: 43.332 Executing VM operation: JFRSafepointClear done

Memory protections (0 events):
No events

Nmethod flushes (0 events):
No events

Events (20 events):
Event: 0.143 Thread 0x0000021be42e0220 Thread added: 0x0000021bc91f6090
Event: 0.452 Thread 0x0000021bffe38170 Thread added: 0x0000021bc930e570
Event: 0.558 Thread 0x0000021bffe26680 Thread added: 0x0000021bc9b7f760
Event: 0.597 Thread 0x0000021bc9b7f760 Thread added: 0x0000021bc9abd960
Event: 0.614 Thread 0x0000021bc9abd960 Thread added: 0x0000021bc9abf170
Event: 0.618 Thread 0x0000021bc9abd960 Thread added: 0x0000021bc99f2750
Event: 0.649 Thread 0x0000021bc930e570 Thread exited: 0x0000021bc930e570
Event: 1.194 Thread 0x0000021bc912c250 Thread exited: 0x0000021bc912c250
Event: 4.828 Thread 0x0000021bc9b7f760 Thread added: 0x0000021bc9b7d4c0
Event: 15.184 Thread 0x0000021be42e0220 Thread added: 0x0000021bc9ae8430
Event: 15.220 Thread 0x0000021bffe2c600 Thread added: 0x0000021bc930e570
Event: 15.233 Thread 0x0000021bffe38170 Thread added: 0x0000021bc930f490
Event: 15.875 Thread 0x0000021bc930f490 Thread exited: 0x0000021bc930f490
Event: 15.875 Thread 0x0000021bc930e570 Thread exited: 0x0000021bc930e570
Event: 37.485 Thread 0x0000021bffe38170 Thread added: 0x0000021bc930c730
Event: 38.468 Thread 0x0000021bc930c730 Thread exited: 0x0000021bc930c730
Event: 43.213 Thread 0x0000021bffe38170 Thread added: 0x0000021bc930cec0
Event: 43.223 Thread 0x0000021bffe26680 Thread added: 0x0000021bc9aea170
Event: 43.259 Thread 0x0000021bffe38170 Thread added: 0x0000021bc930bfa0
Event: 43.312 Thread 0x0000021bffe26680 Thread added: 0x0000021bc9ae8b80


Dynamic libraries:
0x00007ff65de20000 - 0x00007ff65de2e000 	C:\Users\Lenovo\.jdks\openjdk-24\bin\java.exe
0x00007ffc6c670000 - 0x00007ffc6c887000 	C:\Windows\SYSTEM32\ntdll.dll
0x00007ffc6bea0000 - 0x00007ffc6bf64000 	C:\Windows\System32\KERNEL32.DLL
0x00007ffc69bd0000 - 0x00007ffc69fa3000 	C:\Windows\System32\KERNELBASE.dll
0x00007ffc66180000 - 0x00007ffc66217000 	C:\Windows\SYSTEM32\apphelp.dll
0x00007ffc6a1f0000 - 0x00007ffc6a301000 	C:\Windows\System32\ucrtbase.dll
0x00007ffc542f0000 - 0x00007ffc5430b000 	C:\Users\Lenovo\.jdks\openjdk-24\bin\VCRUNTIME140.dll
0x00007ffc5c4e0000 - 0x00007ffc5c4f6000 	C:\Users\Lenovo\.jdks\openjdk-24\bin\jli.dll
0x00007ffc6c240000 - 0x00007ffc6c3f1000 	C:\Windows\System32\USER32.dll
0x00007ffc69780000 - 0x00007ffc697a6000 	C:\Windows\System32\win32u.dll
0x00007ffc6be70000 - 0x00007ffc6be99000 	C:\Windows\System32\GDI32.dll
0x00007ffc5b130000 - 0x00007ffc5b3c8000 	C:\Windows\WinSxS\amd64_microsoft.windows.common-controls_6595b64144ccf1df_6.0.22621.5124_none_270e8f4f7386d69d\COMCTL32.dll
0x00007ffc69830000 - 0x00007ffc6994b000 	C:\Windows\System32\gdi32full.dll
0x00007ffc6bcb0000 - 0x00007ffc6bd57000 	C:\Windows\System32\msvcrt.dll
0x00007ffc6a120000 - 0x00007ffc6a1ba000 	C:\Windows\System32\msvcp_win.dll
0x00007ffc6a310000 - 0x00007ffc6a341000 	C:\Windows\System32\IMM32.DLL
0x00007ffc5ab70000 - 0x00007ffc5ab7c000 	C:\Users\Lenovo\.jdks\openjdk-24\bin\vcruntime140_1.dll
0x00007ffc0d4f0000 - 0x00007ffc0d57e000 	C:\Users\Lenovo\.jdks\openjdk-24\bin\msvcp140.dll
0x00007ffbdd580000 - 0x00007ffbde322000 	C:\Users\Lenovo\.jdks\openjdk-24\bin\server\jvm.dll
0x00007ffc6a700000 - 0x00007ffc6a7b1000 	C:\Windows\System32\ADVAPI32.dll
0x00007ffc6bfe0000 - 0x00007ffc6c088000 	C:\Windows\System32\sechost.dll
0x00007ffc6a1c0000 - 0x00007ffc6a1e8000 	C:\Windows\System32\bcrypt.dll
0x00007ffc6a7c0000 - 0x00007ffc6a8d4000 	C:\Windows\System32\RPCRT4.dll
0x00007ffc6ac70000 - 0x00007ffc6ace1000 	C:\Windows\System32\WS2_32.dll
0x00007ffc685d0000 - 0x00007ffc6861d000 	C:\Windows\SYSTEM32\POWRPROF.dll
0x00007ffc63680000 - 0x00007ffc636b4000 	C:\Windows\SYSTEM32\WINMM.dll
0x00007ffc65030000 - 0x00007ffc6503a000 	C:\Windows\SYSTEM32\VERSION.dll
0x00007ffc685b0000 - 0x00007ffc685c3000 	C:\Windows\SYSTEM32\UMPDC.dll
0x00007ffc68880000 - 0x00007ffc68898000 	C:\Windows\SYSTEM32\kernel.appcore.dll
0x00007ffc55d00000 - 0x00007ffc55d0a000 	C:\Users\Lenovo\.jdks\openjdk-24\bin\jimage.dll
0x00007ffc67170000 - 0x00007ffc673a2000 	C:\Windows\SYSTEM32\DBGHELP.DLL
0x00007ffc6a360000 - 0x00007ffc6a6f2000 	C:\Windows\System32\combase.dll
0x00007ffc6bd70000 - 0x00007ffc6be47000 	C:\Windows\System32\OLEAUT32.dll
0x00007ffc62920000 - 0x00007ffc62952000 	C:\Windows\SYSTEM32\dbgcore.DLL
0x00007ffc697b0000 - 0x00007ffc6982b000 	C:\Windows\System32\bcryptPrimitives.dll
0x00007ffc60e20000 - 0x00007ffc60e2f000 	C:\Users\Lenovo\.jdks\openjdk-24\bin\instrument.dll
0x00007ffc53710000 - 0x00007ffc5372e000 	C:\Users\Lenovo\.jdks\openjdk-24\bin\java.dll
0x00007ffc6c090000 - 0x00007ffc6c231000 	C:\Windows\System32\ole32.dll
0x00007ffc6b3b0000 - 0x00007ffc6bc46000 	C:\Windows\System32\SHELL32.dll
0x00007ffc69a10000 - 0x00007ffc69b4f000 	C:\Windows\System32\wintypes.dll
0x00007ffc67660000 - 0x00007ffc67f7a000 	C:\Windows\SYSTEM32\windows.storage.dll
0x00007ffc6b2a0000 - 0x00007ffc6b3aa000 	C:\Windows\System32\SHCORE.dll
0x00007ffc6c400000 - 0x00007ffc6c463000 	C:\Windows\System32\shlwapi.dll
0x00007ffc696b0000 - 0x00007ffc696db000 	C:\Windows\SYSTEM32\profapi.dll
0x00007ffc06930000 - 0x00007ffc06a07000 	C:\Users\Lenovo\.jdks\openjdk-24\bin\jsvml.dll
0x00007ffc518f0000 - 0x00007ffc51907000 	C:\Users\Lenovo\.jdks\openjdk-24\bin\zip.dll
0x00007ffc5aab0000 - 0x00007ffc5aac0000 	C:\Users\Lenovo\.jdks\openjdk-24\bin\net.dll
0x00007ffc68d20000 - 0x00007ffc68d8a000 	C:\Windows\system32\mswsock.dll
0x00007ffc5aa90000 - 0x00007ffc5aaa6000 	C:\Users\Lenovo\.jdks\openjdk-24\bin\nio.dll
0x00007ffc55cb0000 - 0x00007ffc55cb9000 	C:\Users\Lenovo\.jdks\openjdk-24\bin\extnet.dll
0x00007ffc682c0000 - 0x00007ffc683c2000 	C:\Windows\SYSTEM32\DNSAPI.dll
0x00007ffc68250000 - 0x00007ffc6827d000 	C:\Windows\SYSTEM32\IPHLPAPI.DLL
0x00007ffc6bd60000 - 0x00007ffc6bd69000 	C:\Windows\System32\NSI.dll
0x00007ffc5f080000 - 0x00007ffc5f08a000 	C:\Windows\System32\rasadhlp.dll
0x00007ffc631d0000 - 0x00007ffc63253000 	C:\Windows\System32\fwpuclnt.dll
0x00007ffc517e0000 - 0x00007ffc517ea000 	C:\Users\Lenovo\.jdks\openjdk-24\bin\management.dll
0x00007ffc50440000 - 0x00007ffc5044b000 	C:\Users\Lenovo\.jdks\openjdk-24\bin\management_ext.dll
0x00007ffc6a350000 - 0x00007ffc6a358000 	C:\Windows\System32\PSAPI.DLL
0x00007ffc68f80000 - 0x00007ffc68f9b000 	C:\Windows\SYSTEM32\CRYPTSP.dll
0x00007ffc687d0000 - 0x00007ffc68807000 	C:\Windows\system32\rsaenh.dll
0x00007ffc68e10000 - 0x00007ffc68e38000 	C:\Windows\SYSTEM32\USERENV.dll
0x00007ffc68f70000 - 0x00007ffc68f7c000 	C:\Windows\SYSTEM32\CRYPTBASE.dll
0x00007ffc5b400000 - 0x00007ffc5b417000 	C:\Windows\system32\napinsp.dll
0x00007ffc5ade0000 - 0x00007ffc5adfb000 	C:\Windows\system32\pnrpnsp.dll
0x00007ffc5adc0000 - 0x00007ffc5add1000 	C:\Windows\System32\winrnr.dll
0x00007ffc5ada0000 - 0x00007ffc5adb5000 	C:\Windows\system32\wshbth.dll
0x00007ffc5ad70000 - 0x00007ffc5ad97000 	C:\Windows\system32\nlansp_c.dll
0x00007ffc52c00000 - 0x00007ffc52c0e000 	C:\Users\Lenovo\.jdks\openjdk-24\bin\sunmscapi.dll
0x00007ffc69fb0000 - 0x00007ffc6a117000 	C:\Windows\System32\CRYPT32.dll
0x00007ffc69130000 - 0x00007ffc6915d000 	C:\Windows\SYSTEM32\ncrypt.dll
0x00007ffc690f0000 - 0x00007ffc69127000 	C:\Windows\SYSTEM32\NTASN1.dll
0x00007ffc0c480000 - 0x00007ffc0c678000 	C:\Users\Lenovo\AppData\Local\Temp\idea_libasyncProfiler_dll_temp_folder\libasyncProfiler.dll

dbghelp: loaded successfully - version: 4.0.5 - missing functions: none
symbol engine: initialized successfully - sym options: 0x614 - pdb path: .;C:\Users\Lenovo\.jdks\openjdk-24\bin;C:\Windows\SYSTEM32;C:\Windows\WinSxS\amd64_microsoft.windows.common-controls_6595b64144ccf1df_6.0.22621.5124_none_270e8f4f7386d69d;C:\Users\Lenovo\.jdks\openjdk-24\bin\server;C:\Users\Lenovo\AppData\Local\Temp\idea_libasyncProfiler_dll_temp_folder

VM Arguments:
jvm_args: --enable-native-access=ALL-UNNAMED -javaagent:C:\Program Files\JetBrains\IntelliJ IDEA 2025.1\lib\idea_rt.jar=55417 -Dfile.encoding=UTF-8 -Dsun.stdout.encoding=UTF-8 -Dsun.stderr.encoding=UTF-8 
java_command: org.example.FinanceManager
java_class_path (initial): D:\OOP2\FinanceManager\target\classes;C:\Users\Lenovo\.m2\repository\com\mysql\mysql-connector-j\9.2.0\mysql-connector-j-9.2.0.jar;C:\Users\Lenovo\.m2\repository\com\google\protobuf\protobuf-java\4.29.0\protobuf-java-4.29.0.jar
Launcher Type: SUN_STANDARD

[Global flags]
     intx CICompilerCount                          = 4                                         {product} {ergonomic}
     uint ConcGCThreads                            = 3                                         {product} {ergonomic}
     bool FlightRecorder                           = true                                      {product} {management}
     uint G1ConcRefinementThreads                  = 10                                        {product} {ergonomic}
   size_t G1HeapRegionSize                         = 2097152                                   {product} {ergonomic}
   size_t InitialHeapSize                          = 264241152                                 {product} {ergonomic}
   size_t MarkStackSize                            = 4194304                                   {product} {ergonomic}
   size_t MarkStackSizeMax                         = 536870912                                 {product} {ergonomic}
   size_t MaxHeapSize                              = 4223664128                                {product} {ergonomic}
   size_t MaxNewSize                               = 2533359616                                {product} {ergonomic}
   size_t MinHeapDeltaBytes                        = 2097152                                   {product} {ergonomic}
   size_t MinHeapSize                              = 8388608                                   {product} {ergonomic}
    uintx NonNMethodCodeHeapSize                   = 5832704                                {pd product} {ergonomic}
    uintx NonProfiledCodeHeapSize                  = 122945536                              {pd product} {ergonomic}
    uintx ProfiledCodeHeapSize                     = 122880000                              {pd product} {ergonomic}
    uintx ReservedCodeCacheSize                    = 251658240                              {pd product} {ergonomic}
     bool SegmentedCodeCache                       = true                                      {product} {ergonomic}
   size_t SoftMaxHeapSize                          = 4223664128                             {manageable} {ergonomic}
     bool UseCompressedOops                        = true                           {product lp64_product} {ergonomic}
     bool UseG1GC                                  = true                                      {product} {ergonomic}
     bool UseLargePagesIndividualAllocation        = false                                  {pd product} {ergonomic}

Logging:
Log output configuration:
 #0: stdout all=warning uptime,level,tags foldmultilines=false
 #1: stderr all=off uptime,level,tags foldmultilines=false

Environment Variables:
PATH=C:\Program Files\Google\Chrome\Application;C:\watcom-1.3\binnt;C:\watcom-1.3\binw;C:\Program Files\Common Files\Oracle\Java\javapath;C:\Program Files (x86)\Common Files\Oracle\Java\java8path;C:\Program Files (x86)\Common Files\Oracle\Java\javapath;C:\Windows\system32;C:\Windows;C:\Windows\System32\Wbem;C:\Windows\System32\WindowsPowerShell\v1.0\;C:\Windows\System32\OpenSSH\;C:\Program Files (x86)\NVIDIA Corporation\PhysX\Common;C:\Program Files\Git\cmd;C:\Program Files\NVIDIA Corporation\NVIDIA app\NvDLISR;C:\Users\Lenovo\AppData\Local\Programs\Python\Python313\Scripts\;C:\Users\Lenovo\AppData\Local\Programs\Python\Python313\;C:\Users\Lenovo\AppData\Local\Programs\Python\Launcher\;C:\Users\Lenovo\AppData\Local\Microsoft\WindowsApps;C:\Users\Lenovo\AppData\Local\Programs\Microsoft VS Code\bin;C:\Users\Lenovo\AppData\Local\GitHubDesktop\bin;C:\Users\Lenovo\AppData\Local\spicetify
USERNAME=Lenovo
OS=Windows_NT
PROCESSOR_IDENTIFIER=Intel64 Family 6 Model 154 Stepping 3, GenuineIntel
TMP=C:\Users\Lenovo\AppData\Local\Temp
TEMP=C:\Users\Lenovo\AppData\Local\Temp




Periodic native trim disabled

---------------  S Y S T E M  ---------------

OS:
 Windows 11 , 64 bit Build 22621 (10.0.22621.5124)
OS uptime: 14 days 2:47 hours
Hyper-V role detected

CPU: total 12 (initial active 12) (6 cores per cpu, 2 threads per core) family 6 model 154 stepping 3 microcode 0x420, cx8, cmov, fxsr, ht, mmx, 3dnowpref, sse, sse2, sse3, ssse3, sse4.1, sse4.2, popcnt, lzcnt, tsc, tscinvbit, avx, avx2, aes, erms, clmul, bmi1, bmi2, adx, sha, fma, vzeroupper, clflush, clflushopt, clwb, hv, serialize, rdtscp, rdpid, fsrm, gfni, f16c, cet_ibt, cet_ss
Processor Information for processor 0
  Max Mhz: 2000, Current Mhz: 2000, Mhz Limit: 2000
Processor Information for processor 1
  Max Mhz: 2000, Current Mhz: 2000, Mhz Limit: 2000
Processor Information for processor 2
  Max Mhz: 2000, Current Mhz: 2000, Mhz Limit: 2000
Processor Information for processor 3
  Max Mhz: 2000, Current Mhz: 2000, Mhz Limit: 2000
Processor Information for processor 4
  Max Mhz: 2000, Current Mhz: 2000, Mhz Limit: 2000
Processor Information for processor 5
  Max Mhz: 2000, Current Mhz: 2000, Mhz Limit: 2000
Processor Information for processor 6
  Max Mhz: 2000, Current Mhz: 2000, Mhz Limit: 2000
Processor Information for processor 7
  Max Mhz: 2000, Current Mhz: 2000, Mhz Limit: 2000
Processor Information for processor 8
  Max Mhz: 2000, Current Mhz: 1500, Mhz Limit: 1500
Processor Information for processor 9
  Max Mhz: 2000, Current Mhz: 1500, Mhz Limit: 1500
Processor Information for processor 10
  Max Mhz: 2000, Current Mhz: 1500, Mhz Limit: 1500
Processor Information for processor 11
  Max Mhz: 2000, Current Mhz: 1500, Mhz Limit: 1500

Memory: 4k page, system-wide physical 16108M (1162M free)
TotalPageFile size 23805M (AvailPageFile size 3920M)
current process WorkingSet (physical memory assigned to process): 138M, peak: 138M
current process commit charge ("private bytes"): 409M, peak: 412M

vm_info: OpenJDK 64-Bit Server VM (24+36-3646) for windows-amd64 JRE (24+36-3646), built on 2025-02-06T00:20:43Z with MS VC++ 17.6 (VS2022)

END.
